out/groundsdk-android/gradle/groundsdk/outputs/logs/manifest-merger-release-report.txt
-- Merging decision tree log ---
manifest
ADDED from src/main/AndroidManifest.xml:35:1-72:12
INJECTED from src/main/AndroidManifest.xml:35:1-72:12
INJECTED from src/main/AndroidManifest.xml:35:1-72:12
INJECTED from src/main/AndroidManifest.xml:35:1-72:12
INJECTED from src/main/AndroidManifest.xml:35:1-72:12
INJECTED from src/main/AndroidManifest.xml:35:1-72:12
INJECTED from src/main/AndroidManifest.xml:35:1-72:12
	package
		ADDED from src/main/AndroidManifest.xml:38:5-41
		INJECTED from src/main/AndroidManifest.xml
		INJECTED from src/main/AndroidManifest.xml
	android:versionName
		INJECTED from src/main/AndroidManifest.xml
		ADDED from src/main/AndroidManifest.xml:35:1-72:12
		INJECTED from src/main/AndroidManifest.xml
	xmlns:tools
		ADDED from src/main/AndroidManifest.xml:37:5-51
	android:versionCode
		INJECTED from src/main/AndroidManifest.xml
		ADDED from src/main/AndroidManifest.xml:35:1-72:12
		INJECTED from src/main/AndroidManifest.xml
	xmlns:android
		ADDED from src/main/AndroidManifest.xml:36:5-63
uses-feature#android.hardware.sensor.barometer
ADDED from src/main/AndroidManifest.xml:40:5-42:35
	android:required
		ADDED from src/main/AndroidManifest.xml:42:9-33
	android:name
		ADDED from src/main/AndroidManifest.xml:41:9-57
uses-feature#android.hardware.location
ADDED from src/main/AndroidManifest.xml:43:5-45:35
	android:required
		ADDED from src/main/AndroidManifest.xml:45:9-33
	android:name
		ADDED from src/main/AndroidManifest.xml:44:9-49
uses-feature#android.hardware.location.gps
ADDED from src/main/AndroidManifest.xml:46:5-48:35
	android:required
		ADDED from src/main/AndroidManifest.xml:48:9-33
	android:name
		ADDED from src/main/AndroidManifest.xml:47:9-53
uses-feature#0x00030000
ADDED from src/main/AndroidManifest.xml:49:5-51:34
	android:glEsVersion
		ADDED from src/main/AndroidManifest.xml:50:9-41
	android:required
		ADDED from src/main/AndroidManifest.xml:51:9-32
uses-permission#android.permission.ACCESS_FINE_LOCATION
ADDED from src/main/AndroidManifest.xml:53:5-78
	android:name
		ADDED from src/main/AndroidManifest.xml:53:22-76
uses-permission#android.permission.ACCESS_NETWORK_STATE
ADDED from src/main/AndroidManifest.xml:54:5-78
	android:name
		ADDED from src/main/AndroidManifest.xml:54:22-76
application
ADDED from src/main/AndroidManifest.xml:56:5-70:19
	tools:ignore
		ADDED from src/main/AndroidManifest.xml:57:9-48
activity#com.parrot.drone.groundsdk.internal.RcAccessoryBootstrapActivity
ADDED from src/main/AndroidManifest.xml:58:9-69:20
	android:enabled
		ADDED from src/main/AndroidManifest.xml:60:13-81
	android:launchMode
		ADDED from src/main/AndroidManifest.xml:61:13-48
	android:theme
		ADDED from src/main/AndroidManifest.xml:62:13-59
	android:name
		ADDED from src/main/AndroidManifest.xml:59:13-66
intent-filter#action:name:android.hardware.usb.action.USB_ACCESSORY_ATTACHED
ADDED from src/main/AndroidManifest.xml:63:13-65:29
action#android.hardware.usb.action.USB_ACCESSORY_ATTACHED
ADDED from src/main/AndroidManifest.xml:64:17-92
	android:name
		ADDED from src/main/AndroidManifest.xml:64:25-90
meta-data#android.hardware.usb.action.USB_ACCESSORY_ATTACHED
ADDED from src/main/AndroidManifest.xml:66:13-68:61
	android:resource
		ADDED from src/main/AndroidManifest.xml:68:17-59
	android:name
		ADDED from src/main/AndroidManifest.xml:67:17-82
uses-sdk
INJECTED from src/main/AndroidManifest.xml reason: use-sdk injection requested
INJECTED from src/main/AndroidManifest.xml
INJECTED from src/main/AndroidManifest.xml
INJECTED from src/main/AndroidManifest.xml
INJECTED from src/main/AndroidManifest.xml
	android:targetSdkVersion
		INJECTED from src/main/AndroidManifest.xml
		ADDED from src/main/AndroidManifest.xml
		INJECTED from src/main/AndroidManifest.xml
	android:minSdkVersion
		INJECTED from src/main/AndroidManifest.xml
		ADDED from src/main/AndroidManifest.xml
		INJECTED from src/main/AndroidManifest.xml